Plugins:
Bundled analyzers:
  - IaC Code Quality and Security 1.15.0.3752 (iac)
  - PL/SQL Code Quality and Security 3.8.0.4948 (plsql)
  - Scala Code Quality and Security 1.12.0.4259 (sonarscala)
  - C# Code Quality and Security 8.55.0.65544 (csharp)
  - Vulnerability Analysis 10.0.0.20234 (security)
  - Java Code Quality and Security 7.17.0.31219 (java)
  - HTML Code Quality and Security 3.7.1.3306 (web)
  - Flex Code Quality and Security 2.8.0.3166 (flex)
  - XML Code Quality and Security 2.7.0.3820 (xml)
  - Text Code Quality and Security 2.0.2.1090 (text)
  - VB.NET Code Quality and Security 8.55.0.65544 (vbnet)
  - Swift Code Quality and Security 4.8.0.5759 (swift)
  - CFamily Code Quality and Security 6.43.0.61486 (cpp)
  - Python Code Quality and Security 4.1.0.11333 (python)
  - Dataflow Bug Detection Rules for Python 1.13.0.3408 (dbdpythonfrontend)
  - Dataflow Bug Detection 1.13.0.3408 (dbd)
  - Go Code Quality and Security 1.12.0.4259 (go)
  - JaCoCo 1.3.0.1538 (jacoco)
  - Kotlin Code Quality and Security 2.13.0.2116 (kotlin)
  - RPG Code Quality 3.3.0.3147 (rpg)
  - Dataflow Bug Detection Rules for Java 1.13.0.3408 (dbdjavafrontend)
  - PL/I Code Quality and Security 1.12.0.3443 (pli)
  - T-SQL Code Quality and Security 1.8.0.5601 (tsql)
  - VB6 Code Quality and Security 2.9.0.3341 (vb)
  - Apex Code Quality and Security 1.12.0.4259 (sonarapex)
  - JavaScript/TypeScript/CSS Code Quality and Security 10.1.0.21143 (javascript)
  - Ruby Code Quality and Security 1.12.0.4259 (ruby)
  - Vulnerability Rules for C# 10.0.0.20234 (securitycsharpfrontend)
  - Vulnerability Rules for Java 10.0.0.20234 (securityjavafrontend)
  - Vulnerability Rules for JS 10.0.0.20234 (securityjsfrontend)
  - COBOL Code Quality 5.2.0.5949 (cobol)
  - Vulnerability Rules for Python 10.0.0.20234 (securitypythonfrontend)
  - PHP Code Quality and Security 3.28.0.9490 (php)
  - ABAP Code Quality and Security 3.11.0.4030 (abap)
  - Configuration detection fot Code Quality and Security 1.2.0.267 (config)
  - Vulnerability Rules for PHP 10.0.0.20234 (securityphpfrontend)
Global server settings:
  - sonar.core.id=854E6122-AYdSn7uDWEx4USilAJKP
  - sonar.core.startTime=2023-04-06T14:16:33+0000
  - sonar.forceAuthentication=true
Project server settings:
Project scanner properties:
  - sonar.binaries=/Users/keith.everitt/Documents/Projects/sonar-scanning-examples/sonarqube-scanner-maven/maven-basic/target/classes
  - sonar.groovy.binaries=/Users/keith.everitt/Documents/Projects/sonar-scanning-examples/sonarqube-scanner-maven/maven-basic/target/classes
  - sonar.host.url=http://localhost:9000
  - sonar.java.binaries=/Users/keith.everitt/Documents/Projects/sonar-scanning-examples/sonarqube-scanner-maven/maven-basic/target/classes
  - sonar.java.jdkHome=/opt/homebrew/Cellar/openjdk/19.0.2/libexec/openjdk.jdk/Contents/Home
  - sonar.java.libraries=/Users/keith.everitt/.m2/repository/com/google/guava/guava/29.0-jre/guava-29.0-jre.jar,/Users/keith.everitt/.m2/repository/com/google/guava/failureaccess/1.0.1/failureaccess-1.0.1.jar,/Users/keith.everitt/.m2/repository/com/google/guava/listenablefuture/9999.0-empty-to-avoid-conflict-with-guava/listenablefuture-9999.0-empty-to-avoid-conflict-with-guava.jar,/Users/keith.everitt/.m2/repository/com/google/code/findbugs/jsr305/3.0.2/jsr305-3.0.2.jar,/Users/keith.everitt/.m2/repository/org/checkerframework/checker-qual/2.11.1/checker-qual-2.11.1.jar,/Users/keith.everitt/.m2/repository/com/google/errorprone/error_prone_annotations/2.3.4/error_prone_annotations-2.3.4.jar,/Users/keith.everitt/.m2/repository/com/google/j2objc/j2objc-annotations/1.3/j2objc-annotations-1.3.jar
  - sonar.java.source=11
  - sonar.java.target=11
  - sonar.java.test.binaries=/Users/keith.everitt/Documents/Projects/sonar-scanning-examples/sonarqube-scanner-maven/maven-basic/target/test-classes
  - sonar.java.test.libraries=/Users/keith.everitt/Documents/Projects/sonar-scanning-examples/sonarqube-scanner-maven/maven-basic/target/classes,/Users/keith.everitt/.m2/repository/com/google/guava/guava/29.0-jre/guava-29.0-jre.jar,/Users/keith.everitt/.m2/repository/com/google/guava/failureaccess/1.0.1/failureaccess-1.0.1.jar,/Users/keith.everitt/.m2/repository/com/google/guava/listenablefuture/9999.0-empty-to-avoid-conflict-with-guava/listenablefuture-9999.0-empty-to-avoid-conflict-with-guava.jar,/Users/keith.everitt/.m2/repository/com/google/code/findbugs/jsr305/3.0.2/jsr305-3.0.2.jar,/Users/keith.everitt/.m2/repository/org/checkerframework/checker-qual/2.11.1/checker-qual-2.11.1.jar,/Users/keith.everitt/.m2/repository/com/google/errorprone/error_prone_annotations/2.3.4/error_prone_annotations-2.3.4.jar,/Users/keith.everitt/.m2/repository/com/google/j2objc/j2objc-annotations/1.3/j2objc-annotations-1.3.jar,/Users/keith.everitt/.m2/repository/junit/junit/4.13.1/junit-4.13.1.jar,/Users/keith.everitt/.m2/reposito...
  - sonar.junit.reportPaths=/Users/keith.everitt/Documents/Projects/sonar-scanning-examples/sonarqube-scanner-maven/maven-basic/target/surefire-reports
  - sonar.junit.reportsPath=/Users/keith.everitt/Documents/Projects/sonar-scanning-examples/sonarqube-scanner-maven/maven-basic/target/surefire-reports
  - sonar.libraries=/Users/keith.everitt/.m2/repository/com/google/guava/guava/29.0-jre/guava-29.0-jre.jar,/Users/keith.everitt/.m2/repository/com/google/guava/failureaccess/1.0.1/failureaccess-1.0.1.jar,/Users/keith.everitt/.m2/repository/com/google/guava/listenablefuture/9999.0-empty-to-avoid-conflict-with-guava/listenablefuture-9999.0-empty-to-avoid-conflict-with-guava.jar,/Users/keith.everitt/.m2/repository/com/google/code/findbugs/jsr305/3.0.2/jsr305-3.0.2.jar,/Users/keith.everitt/.m2/repository/org/checkerframework/checker-qual/2.11.1/checker-qual-2.11.1.jar,/Users/keith.everitt/.m2/repository/com/google/errorprone/error_prone_annotations/2.3.4/error_prone_annotations-2.3.4.jar,/Users/keith.everitt/.m2/repository/com/google/j2objc/j2objc-annotations/1.3/j2objc-annotations-1.3.jar
  - sonar.links.ci=
  - sonar.links.homepage=
  - sonar.links.issue=
  - sonar.links.scm=
  - sonar.links.scm_dev=
  - sonar.moduleKey=Maven1:org.sonarqube:sonarscanner-maven-basic
  - sonar.projectBaseDir=/Users/keith.everitt/Documents/Projects/sonar-scanning-examples/sonarqube-scanner-maven/maven-basic
  - sonar.projectBuildDir=/Users/keith.everitt/Documents/Projects/sonar-scanning-examples/sonarqube-scanner-maven/maven-basic/target
  - sonar.projectKey=Maven1
  - sonar.projectName=Maven1
  - sonar.projectVersion=1.0-SNAPSHOT
  - sonar.scanner.app=ScannerMaven
  - sonar.scanner.appVersion=3.9.1.2184/3.9.1
  - sonar.sourceEncoding=UTF-8
  - sonar.sources=/Users/keith.everitt/Documents/Projects/sonar-scanning-examples/sonarqube-scanner-maven/maven-basic/pom.xml,/Users/keith.everitt/Documents/Projects/sonar-scanning-examples/sonarqube-scanner-maven/maven-basic/src/main/java
  - sonar.tests=/Users/keith.everitt/Documents/Projects/sonar-scanning-examples/sonarqube-scanner-maven/maven-basic/src/test/java
  - sonar.token=******
  - sonar.verbose=true
  - sonar.working.directory=/Users/keith.everitt/Documents/Projects/sonar-scanning-examples/sonarqube-scanner-maven/maven-basic/target/sonar
